C:\Users\varun\Desktop\Git Projects\DirectX11Graphics\PixelShader.hlsl(150,10-49): warning X3206: implicit truncation of vector type
  
  compilation object save succeeded; see C:\Users\varun\Desktop\Git Projects\DirectX11Graphics\x64\Debug\PixelShader.cso
  compilation object save succeeded; see C:\Users\varun\Desktop\Git Projects\DirectX11Graphics\x64\Debug\ShadowVS.cso
  compilation object save succeeded; see C:\Users\varun\Desktop\Git Projects\DirectX11Graphics\x64\Debug\SkyPS.cso
  compilation object save succeeded; see C:\Users\varun\Desktop\Git Projects\DirectX11Graphics\x64\Debug\SkyVS.cso
  compilation object save succeeded; see C:\Users\varun\Desktop\Git Projects\DirectX11Graphics\x64\Debug\VertexShader.cso
  Camera.cpp
c:\users\varun\desktop\git projects\directx11graphics\camera.cpp(76): warning C4244: 'initializing': conversion from 'LONG' to 'float', possible loss of data
c:\users\varun\desktop\git projects\directx11graphics\camera.cpp(77): warning C4244: 'initializing': conversion from 'LONG' to 'float', possible loss of data
  DXCore.cpp
c:\users\varun\desktop\git projects\directx11graphics\dxcore.cpp(383): warning C4244: 'return': conversion from 'WPARAM' to 'HRESULT', possible loss of data
  Entity.cpp
c:\users\varun\desktop\git projects\directx11graphics\simpleshader.h(102): warning C4267: 'return': conversion from 'size_t' to 'unsigned int', possible loss of data
c:\users\varun\desktop\git projects\directx11graphics\simpleshader.h(106): warning C4267: 'return': conversion from 'size_t' to 'unsigned int', possible loss of data
  Game.cpp
c:\users\varun\desktop\git projects\directx11graphics\simpleshader.h(102): warning C4267: 'return': conversion from 'size_t' to 'unsigned int', possible loss of data
c:\users\varun\desktop\git projects\directx11graphics\simpleshader.h(106): warning C4267: 'return': conversion from 'size_t' to 'unsigned int', possible loss of data
c:\users\varun\desktop\git projects\directx11graphics\game.cpp(422): warning C4305: 'argument': truncation from 'double' to 'float'
c:\users\varun\desktop\git projects\directx11graphics\game.cpp(423): warning C4305: 'argument': truncation from 'double' to 'float'
c:\users\varun\desktop\git projects\directx11graphics\game.cpp(424): warning C4305: 'argument': truncation from 'double' to 'float'
c:\users\varun\desktop\git projects\directx11graphics\game.cpp(425): warning C4305: 'argument': truncation from 'double' to 'float'
  Main.cpp
c:\users\varun\desktop\git projects\directx11graphics\simpleshader.h(102): warning C4267: 'return': conversion from 'size_t' to 'unsigned int', possible loss of data
c:\users\varun\desktop\git projects\directx11graphics\simpleshader.h(106): warning C4267: 'return': conversion from 'size_t' to 'unsigned int', possible loss of data
  Material.cpp
c:\users\varun\desktop\git projects\directx11graphics\simpleshader.h(102): warning C4267: 'return': conversion from 'size_t' to 'unsigned int', possible loss of data
c:\users\varun\desktop\git projects\directx11graphics\simpleshader.h(106): warning C4267: 'return': conversion from 'size_t' to 'unsigned int', possible loss of data
  Mesh.cpp
  SimpleShader.cpp
c:\users\varun\desktop\git projects\directx11graphics\simpleshader.h(102): warning C4267: 'return': conversion from 'size_t' to 'unsigned int', possible loss of data
c:\users\varun\desktop\git projects\directx11graphics\simpleshader.h(106): warning C4267: 'return': conversion from 'size_t' to 'unsigned int', possible loss of data
c:\users\varun\desktop\git projects\directx11graphics\simpleshader.cpp(123): warning C4267: '=': conversion from 'size_t' to 'unsigned int', possible loss of data
c:\users\varun\desktop\git projects\directx11graphics\simpleshader.cpp(135): warning C4267: '=': conversion from 'size_t' to 'unsigned int', possible loss of data
c:\users\varun\desktop\git projects\directx11graphics\simpleshader.cpp(681): warning C4267: 'initializing': conversion from 'size_t' to 'int', possible loss of data
c:\users\varun\desktop\git projects\directx11graphics\simpleshader.cpp(741): warning C4267: 'argument': conversion from 'size_t' to 'UINT', possible loss of data
c:\users\varun\desktop\git projects\directx11graphics\simpleshader.cpp(1310): warning C4267: 'argument': conversion from 'size_t' to 'UINT', possible loss of data
  Generating Code...
  DX11Starter.vcxproj -> C:\Users\varun\Desktop\Git Projects\DirectX11Graphics\x64\Debug\DX11Starter.exe
